> Task :checkKotlinGradlePluginConfigurationErrors SKIPPED
> Task :compileKotlin UP-TO-DATE
> Task :compileJava NO-SOURCE
> Task :processResources UP-TO-DATE
> Task :classes UP-TO-DATE
> Task :jar UP-TO-DATE
> Task :startScripts UP-TO-DATE
> Task :distTar UP-TO-DATE
> Task :distZip UP-TO-DATE
> Task :shadowJar UP-TO-DATE
> Task :startShadowScripts UP-TO-DATE
> Task :shadowDistTar UP-TO-DATE
> Task :shadowDistZip UP-TO-DATE
> Task :assemble UP-TO-DATE
> Task :compileTestKotlin UP-TO-DATE
> Task :compileTestJava NO-SOURCE
> Task :processTestResources NO-SOURCE
> Task :testClasses UP-TO-DATE
2026-02-02 17:42:58.033 [DefaultDispatcher-worker-1 @request#3] INFO  io.ktor.test - 200 OK: GET - /health in 120ms
2026-02-02 17:42:58.056 [DefaultDispatcher-worker-1] INFO  io.ktor.test - Application stopping: io.ktor.server.application.Application@5ebbbb0a
2026-02-02 17:42:58.056 [DefaultDispatcher-worker-1] INFO  io.ktor.test - Application stopped: io.ktor.server.application.Application@5ebbbb0a
2026-02-02 17:42:58.069 [DefaultDispatcher-worker-2 @call-context#15] INFO  io.ktor.test - No ktor.deployment.watch patterns specified, automatic reload is not active.
2026-02-02 17:42:58.069 [DefaultDispatcher-worker-2 @call-context#15] INFO  i.m.c.i.push.PushMeterRegistry - publishing metrics for LoggingMeterRegistry every 1m
2026-02-02 17:42:58.071 [DefaultDispatcher-worker-2 @call-context#15] INFO  io.ktor.test - Connecting to Database at: jdbc:h2:mem:test;MODE=PostgreSQL;DATABASE_TO_LOWER=TRUE;DB_CLOSE_DELAY=-1
2026-02-02 17:42:58.071 [DefaultDispatcher-worker-2 @call-context#15] INFO  io.ktor.test - Using Username: sa
2026-02-02 17:42:58.071 [DefaultDispatcher-worker-2 @call-context#15] INFO  io.ktor.test - Using Password: ***
2026-02-02 17:42:58.071 [DefaultDispatcher-worker-2 @call-context#15] INFO  com.zaxxer.hikari.HikariDataSource - HikariPool-2 - Starting...
2026-02-02 17:42:58.072 [DefaultDispatcher-worker-2 @call-context#15] INFO  com.zaxxer.hikari.pool.HikariPool - HikariPool-2 - Added connection conn2: url=jdbc:h2:mem:test user=SA
2026-02-02 17:42:58.072 [DefaultDispatcher-worker-2 @call-context#15] INFO  com.zaxxer.hikari.HikariDataSource - HikariPool-2 - Start completed.
2026-02-02 17:42:58.084 [DefaultDispatcher-worker-2 @call-context#15] INFO  org.flywaydb.core.FlywayExecutor - Database: jdbc:h2:mem:test (H2 2.2)
2026-02-02 17:42:58.094 [DefaultDispatcher-worker-2 @call-context#15] ERROR io.ktor.test - Flyway migration failed
org.flywaydb.core.api.exception.FlywayValidateException: Validate failed: Migrations have failed validation
Detected failed migration to version 001 (create users schema).
Please remove any half-completed changes then run repair to fix the schema history.
Need more flexibility with validation rules? Learn more: https://rd.gt/3AbJUZE
	at org.flywaydb.core.Flyway.lambda$migrate$1(Flyway.java:191)
	at org.flywaydb.core.FlywayExecutor.execute(FlywayExecutor.java:213)
	at org.flywaydb.core.Flyway.migrate(Flyway.java:178)
	at com.solodev.fleet.shared.plugins.DatabasesKt.configureDatabases(Databases.kt:50)
	at com.solodev.fleet.ApplicationKt.module(Application.kt:29)
	at com.solodev.fleet.ApplicationTest$testRootEndpoint$1.invokeSuspend$lambda$0(ApplicationTest.kt:43)
	at io.ktor.server.engine.EmbeddedServer.instantiateAndConfigureApplication$lambda$25(EmbeddedServerJvm.kt:344)
	at io.ktor.server.engine.EmbeddedServer.avoidingDoubleStartup(EmbeddedServerJvm.kt:361)
	at io.ktor.server.engine.EmbeddedServer.instantiateAndConfigureApplication(EmbeddedServerJvm.kt:333)
	at io.ktor.server.engine.EmbeddedServer.createApplication(EmbeddedServerJvm.kt:142)
	at io.ktor.server.engine.EmbeddedServer.start(EmbeddedServerJvm.kt:272)
	at io.ktor.server.engine.EmbeddedServer.start$default(EmbeddedServerJvm.kt:267)
	at io.ktor.server.testing.TestApplication.start(TestApplication.kt:83)
	at io.ktor.server.testing.client.DelegatingTestClientEngine.execute(DelegatingTestClientEngine.kt:48)
	at io.ktor.client.engine.HttpClientEngine$executeWithinCallContext$2.invokeSuspend(HttpClientEngine.kt:169)
	at kotlin.coroutines.jvm.internal.BaseContinuationImpl.resumeWith(ContinuationImpl.kt:33)
	at kotlinx.coroutines.DispatchedTask.run(DispatchedTask.kt:101)
	at kotlinx.coroutines.internal.LimitedDispatcher$Worker.run(LimitedDispatcher.kt:113)
	at kotlinx.coroutines.scheduling.TaskImpl.run(Tasks.kt:89)
	at kotlinx.coroutines.scheduling.CoroutineScheduler.runSafely(CoroutineScheduler.kt:589)
	at kotlinx.coroutines.scheduling.CoroutineScheduler$Worker.executeTask(CoroutineScheduler.kt:823)
	at kotlinx.coroutines.scheduling.CoroutineScheduler$Worker.runWorker(CoroutineScheduler.kt:720)
	at kotlinx.coroutines.scheduling.CoroutineScheduler$Worker.run(CoroutineScheduler.kt:707)
2026-02-02 17:42:58.095 [DefaultDispatcher-worker-2 @call-context#15] INFO  io.ktor.test - Connecting to Database at: jdbc:h2:mem:test;MODE=PostgreSQL;DATABASE_TO_LOWER=TRUE;DB_CLOSE_DELAY=-1
2026-02-02 17:42:58.095 [DefaultDispatcher-worker-2 @call-context#15] INFO  io.ktor.test - Database connected and migrated successfully.
2026-02-02 17:42:58.095 [DefaultDispatcher-worker-2 @call-context#15] INFO  io.ktor.test - Application started in 0.026 seconds.
2026-02-02 17:42:58.095 [DefaultDispatcher-worker-2 @call-context#15] INFO  io.ktor.test - Application started: io.ktor.server.application.Application@39578f68
2026-02-02 17:42:58.095 [DefaultDispatcher-worker-1 @coroutine#16] INFO  io.ktor.test - Responding at http://localhost:80
2026-02-02 17:42:58.095 [DefaultDispatcher-worker-1 @coroutine#16] INFO  io.ktor.test - Responding at https://localhost:443
2026-02-02 17:42:58.099 [DefaultDispatcher-worker-2 @request#15] INFO  io.ktor.test - 200 OK: GET - / in 3ms
2026-02-02 17:42:58.108 [DefaultDispatcher-worker-8 @call-context#27] INFO  io.ktor.test - No ktor.deployment.watch patterns specified, automatic reload is not active.
2026-02-02 17:42:58.108 [DefaultDispatcher-worker-8 @call-context#27] INFO  i.m.c.i.push.PushMeterRegistry - publishing metrics for LoggingMeterRegistry every 1m
2026-02-02 17:42:58.110 [DefaultDispatcher-worker-8 @call-context#27] INFO  io.ktor.test - Connecting to Database at: jdbc:h2:mem:test;MODE=PostgreSQL;DATABASE_TO_LOWER=TRUE;DB_CLOSE_DELAY=-1
2026-02-02 17:42:58.110 [DefaultDispatcher-worker-8 @call-context#27] INFO  io.ktor.test - Using Username: sa
2026-02-02 17:42:58.110 [DefaultDispatcher-worker-8 @call-context#27] INFO  io.ktor.test - Using Password: ***
2026-02-02 17:42:58.110 [DefaultDispatcher-worker-8 @call-context#27] INFO  com.zaxxer.hikari.HikariDataSource - HikariPool-3 - Starting...
2026-02-02 17:42:58.111 [DefaultDispatcher-worker-8 @call-context#27] INFO  com.zaxxer.hikari.pool.HikariPool - HikariPool-3 - Added connection conn3: url=jdbc:h2:mem:test user=SA
2026-02-02 17:42:58.111 [DefaultDispatcher-worker-8 @call-context#27] INFO  com.zaxxer.hikari.HikariDataSource - HikariPool-3 - Start completed.
2026-02-02 17:42:58.122 [DefaultDispatcher-worker-8 @call-context#27] INFO  org.flywaydb.core.FlywayExecutor - Database: jdbc:h2:mem:test (H2 2.2)
2026-02-02 17:42:58.128 [DefaultDispatcher-worker-8 @call-context#27] ERROR io.ktor.test - Flyway migration failed
org.flywaydb.core.api.exception.FlywayValidateException: Validate failed: Migrations have failed validation
Detected failed migration to version 001 (create users schema).
Please remove any half-completed changes then run repair to fix the schema history.
Need more flexibility with validation rules? Learn more: https://rd.gt/3AbJUZE
	at org.flywaydb.core.Flyway.lambda$migrate$1(Flyway.java:191)
	at org.flywaydb.core.FlywayExecutor.execute(FlywayExecutor.java:213)
	at org.flywaydb.core.Flyway.migrate(Flyway.java:178)
	at com.solodev.fleet.shared.plugins.DatabasesKt.configureDatabases(Databases.kt:50)
	at com.solodev.fleet.ApplicationKt.module(Application.kt:29)
	at com.solodev.fleet.MigrationTest$testMigrationsRun$1.invokeSuspend$lambda$0(MigrationTest.kt:28)
	at io.ktor.server.engine.EmbeddedServer.instantiateAndConfigureApplication$lambda$25(EmbeddedServerJvm.kt:344)
	at io.ktor.server.engine.EmbeddedServer.avoidingDoubleStartup(EmbeddedServerJvm.kt:361)
	at io.ktor.server.engine.EmbeddedServer.instantiateAndConfigureApplication(EmbeddedServerJvm.kt:333)
	at io.ktor.server.engine.EmbeddedServer.createApplication(EmbeddedServerJvm.kt:142)
	at io.ktor.server.engine.EmbeddedServer.start(EmbeddedServerJvm.kt:272)
	at io.ktor.server.engine.EmbeddedServer.start$default(EmbeddedServerJvm.kt:267)
	at io.ktor.server.testing.TestApplication.start(TestApplication.kt:83)
	at io.ktor.server.testing.client.DelegatingTestClientEngine.execute(DelegatingTestClientEngine.kt:48)
	at io.ktor.client.engine.HttpClientEngine$executeWithinCallContext$2.invokeSuspend(HttpClientEngine.kt:169)
	at kotlin.coroutines.jvm.internal.BaseContinuationImpl.resumeWith(ContinuationImpl.kt:33)
	at kotlinx.coroutines.DispatchedTask.run(DispatchedTask.kt:101)
	at kotlinx.coroutines.internal.LimitedDispatcher$Worker.run(LimitedDispatcher.kt:113)
	at kotlinx.coroutines.scheduling.TaskImpl.run(Tasks.kt:89)
	at kotlinx.coroutines.scheduling.CoroutineScheduler.runSafely(CoroutineScheduler.kt:589)
	at kotlinx.coroutines.scheduling.CoroutineScheduler$Worker.executeTask(CoroutineScheduler.kt:823)
	at kotlinx.coroutines.scheduling.CoroutineScheduler$Worker.runWorker(CoroutineScheduler.kt:720)
	at kotlinx.coroutines.scheduling.CoroutineScheduler$Worker.run(CoroutineScheduler.kt:707)
2026-02-02 17:42:58.129 [DefaultDispatcher-worker-8 @call-context#27] INFO  io.ktor.test - Connecting to Database at: jdbc:h2:mem:test;MODE=PostgreSQL;DATABASE_TO_LOWER=TRUE;DB_CLOSE_DELAY=-1
2026-02-02 17:42:58.129 [DefaultDispatcher-worker-8 @call-context#27] INFO  io.ktor.test - Database connected and migrated successfully.
2026-02-02 17:42:58.129 [DefaultDispatcher-worker-8 @call-context#27] INFO  io.ktor.test - Application started in 0.022 seconds.
2026-02-02 17:42:58.129 [DefaultDispatcher-worker-8 @call-context#27] INFO  io.ktor.test - Application started: io.ktor.server.application.Application@7cc7a850
2026-02-02 17:42:58.129 [DefaultDispatcher-worker-6 @coroutine#28] INFO  io.ktor.test - Responding at http://localhost:80
2026-02-02 17:42:58.129 [DefaultDispatcher-worker-6 @coroutine#28] INFO  io.ktor.test - Responding at https://localhost:443
2026-02-02 17:42:58.132 [DefaultDispatcher-worker-8 @request#27] INFO  io.ktor.test - 200 OK: GET - /health in 2ms
2026-02-02 17:42:58.134 [DefaultDispatcher-worker-12] INFO  io.ktor.test - Application stopping: io.ktor.server.application.Application@7cc7a850
2026-02-02 17:42:58.134 [DefaultDispatcher-worker-12] INFO  io.ktor.test - Application stopped: io.ktor.server.application.Application@7cc7a850

> Task :test

ApplicationTest > testRootEndpoint FAILED
    java.lang.AssertionError at Assert.java:89
        Caused by: java.lang.AssertionError at Assert.java:89

2026-02-02 17:42:58.292 [KtorShutdownHook] INFO  io.ktor.test - Application stopping: io.ktor.server.application.Application@39578f68
2026-02-02 17:42:58.292 [KtorShutdownHook] INFO  io.ktor.test - Application stopped: io.ktor.server.application.Application@39578f68

> Task :test FAILED
./gradlew : 
At line:1 char:1
+ ./gradlew build --stacktrace 2>&1 | Out-File 
-FilePath "build_log.txt ...
+ ~~~~~~~~~~~~~~~~~~~~~~~~~~~~~~~~~
    + CategoryInfo          : NotSpecified: (:Stri 
   ng) [], RemoteException
    + FullyQualifiedErrorId : NativeCommandError
 
5 tests completed, 1 failed

FAILURE: Build failed with an exception.

* What went wrong:
Execution failed for task ':test'.
> There were failing tests. See the report at: file
:///E:/Antigravity%20Projects/fleet-management/buil
d/reports/tests/test/index.html

* Try:
> Run with --scan to get full insights.

* Exception is:
org.gradle.api.tasks.TaskExecutionException: 
Execution failed for task ':test'.
	at org.gradle.api.internal.tasks.execution.Execute
ActionsTaskExecuter.lambda$executeIfValid$1(Execute
ActionsTaskExecuter.java:130)
	at org.gradle.internal.Try$Failure.ifSuccessfulOrE
lse(Try.java:293)
	at org.gradle.api.internal.tasks.execution.Execute
ActionsTaskExecuter.executeIfValid(ExecuteActionsTa
skExecuter.java:128)
	at org.gradle.api.internal.tasks.execution.Execute
ActionsTaskExecuter.execute(ExecuteActionsTaskExecu
ter.java:116)
	at org.gradle.api.internal.tasks.execution.Problem
sTaskPathTrackingTaskExecuter.execute(ProblemsTaskP
athTrackingTaskExecuter.java:41)
	at org.gradle.api.internal.tasks.execution.Finaliz
ePropertiesTaskExecuter.execute(FinalizePropertiesT
askExecuter.java:46)
	at org.gradle.api.internal.tasks.execution.Resolve
TaskExecutionModeExecuter.execute(ResolveTaskExecut
ionModeExecuter.java:51)
	at org.gradle.api.internal.tasks.execution.SkipTas
kWithNoActionsExecuter.execute(SkipTaskWithNoAction
sExecuter.java:57)
	at org.gradle.api.internal.tasks.execution.SkipOnl
yIfTaskExecuter.execute(SkipOnlyIfTaskExecuter.java
:74)
	at org.gradle.api.internal.tasks.execution.CatchEx
ceptionTaskExecuter.execute(CatchExceptionTaskExecu
ter.java:36)
	at org.gradle.api.internal.tasks.execution.EventFi
ringTaskExecuter$1.executeTask(EventFiringTaskExecu
ter.java:77)
	at org.gradle.api.internal.tasks.execution.EventFi
ringTaskExecuter$1.call(EventFiringTaskExecuter.jav
a:55)
	at org.gradle.api.internal.tasks.execution.EventFi
ringTaskExecuter$1.call(EventFiringTaskExecuter.jav
a:52)
	at org.gradle.internal.operations.DefaultBuildOper
ationRunner$CallableBuildOperationWorker.execute(De
faultBuildOperationRunner.java:210)
	at org.gradle.internal.operations.DefaultBuildOper
ationRunner$CallableBuildOperationWorker.execute(De
faultBuildOperationRunner.java:205)
	at org.gradle.internal.operations.DefaultBuildOper
ationRunner$2.execute(DefaultBuildOperationRunner.j
ava:67)
	at org.gradle.internal.operations.DefaultBuildOper
ationRunner$2.execute(DefaultBuildOperationRunner.j
ava:60)
	at org.gradle.internal.operations.DefaultBuildOper
ationRunner.execute(DefaultBuildOperationRunner.jav
a:167)
	at org.gradle.internal.operations.DefaultBuildOper
ationRunner.execute(DefaultBuildOperationRunner.jav
a:60)
	at org.gradle.internal.operations.DefaultBuildOper
ationRunner.call(DefaultBuildOperationRunner.java:5
4)
	at org.gradle.api.internal.tasks.execution.EventFi
ringTaskExecuter.execute(EventFiringTaskExecuter.ja
va:52)
	at org.gradle.execution.plan.LocalTaskNodeExecutor
.execute(LocalTaskNodeExecutor.java:42)
	at org.gradle.execution.taskgraph.DefaultTaskExecu
tionGraph$InvokeNodeExecutorsAction.execute(Default
TaskExecutionGraph.java:331)
	at org.gradle.execution.taskgraph.DefaultTaskExecu
tionGraph$InvokeNodeExecutorsAction.execute(Default
TaskExecutionGraph.java:318)
	at org.gradle.execution.taskgraph.DefaultTaskExecu
tionGraph$BuildOperationAwareExecutionAction.lambda
$execute$0(DefaultTaskExecutionGraph.java:314)
	at org.gradle.internal.operations.CurrentBuildOper
ationRef.with(CurrentBuildOperationRef.java:85)
	at org.gradle.execution.taskgraph.DefaultTaskExecu
tionGraph$BuildOperationAwareExecutionAction.execut
e(DefaultTaskExecutionGraph.java:314)
	at org.gradle.execution.taskgraph.DefaultTaskExecu
tionGraph$BuildOperationAwareExecutionAction.execut
e(DefaultTaskExecutionGraph.java:303)
	at org.gradle.execution.plan.DefaultPlanExecutor$E
xecutorWorker.execute(DefaultPlanExecutor.java:459)
	at org.gradle.execution.plan.DefaultPlanExecutor$E
xecutorWorker.run(DefaultPlanExecutor.java:376)
	at org.gradle.internal.concurrent.ExecutorPolicy$C
atchAndRecordFailures.onExecute(ExecutorPolicy.java
:64)
	at org.gradle.internal.concurrent.AbstractManagedE
xecutor$1.run(AbstractManagedExecutor.java:48)
Caused by: org.gradle.api.internal.exceptions.Marke
dVerificationException: There were failing tests. 
See the report at: file:///E:/Antigravity%20Project
s/fleet-management/build/reports/tests/test/index.h
tml
	at org.gradle.api.tasks.testing.AbstractTestTask.h
andleTestFailures(AbstractTestTask.java:720)
	at org.gradle.api.tasks.testing.AbstractTestTask.h
andleCollectedResults(AbstractTestTask.java:545)
	at org.gradle.api.tasks.testing.AbstractTestTask.e
xecuteTests(AbstractTestTask.java:540)
	at org.gradle.api.tasks.testing.Test.executeTests(
Test.java:718)
	at java.base/jdk.internal.reflect.DirectMethodHand
leAccessor.invoke(Unknown Source)
	at org.gradle.internal.reflect.JavaMethod.invoke(J
avaMethod.java:125)
	at org.gradle.api.internal.project.taskfactory.Sta
ndardTaskAction.doExecute(StandardTaskAction.java:5
8)
	at org.gradle.api.internal.project.taskfactory.Sta
ndardTaskAction.execute(StandardTaskAction.java:51)
	at org.gradle.api.internal.project.taskfactory.Sta
ndardTaskAction.execute(StandardTaskAction.java:29)
	at org.gradle.api.internal.tasks.execution.TaskExe
cution$3.run(TaskExecution.java:244)
	at org.gradle.internal.operations.DefaultBuildOper
ationRunner$1.execute(DefaultBuildOperationRunner.j
ava:30)
	at org.gradle.internal.operations.DefaultBuildOper
ationRunner$1.execute(DefaultBuildOperationRunner.j
ava:27)
	at org.gradle.internal.operations.DefaultBuildOper
ationRunner$2.execute(DefaultBuildOperationRunner.j
ava:67)
	at org.gradle.internal.operations.DefaultBuildOper
ationRunner$2.execute(DefaultBuildOperationRunner.j
ava:60)
	at org.gradle.internal.operations.DefaultBuildOper
ationRunner.execute(DefaultBuildOperationRunner.jav
a:167)
	at org.gradle.internal.operations.DefaultBuildOper
ationRunner.execute(DefaultBuildOperationRunner.jav
a:60)
	at org.gradle.internal.operations.DefaultBuildOper
ationRunner.run(DefaultBuildOperationRunner.java:48
)
	at org.gradle.api.internal.tasks.execution.TaskExe
cution.executeAction(TaskExecution.java:229)
	at org.gradle.api.internal.tasks.execution.TaskExe
cution.executeActions(TaskExecution.java:212)
	at org.gradle.api.internal.tasks.execution.TaskExe
cution.executeWithPreviousOutputFiles(TaskExecution
.java:195)
	at org.gradle.api.internal.tasks.execution.TaskExe
cution.execute(TaskExecution.java:162)
	at org.gradle.internal.execution.steps.ExecuteStep
.executeInternal(ExecuteStep.java:105)
	at org.gradle.internal.execution.steps.ExecuteStep
.access$000(ExecuteStep.java:44)
	at org.gradle.internal.execution.steps.ExecuteStep
$1.call(ExecuteStep.java:59)
	at org.gradle.internal.execution.steps.ExecuteStep
$1.call(ExecuteStep.java:56)
	at org.gradle.internal.operations.DefaultBuildOper
ationRunner$CallableBuildOperationWorker.execute(De
faultBuildOperationRunner.java:210)
	at org.gradle.internal.operations.DefaultBuildOper
ationRunner$CallableBuildOperationWorker.execute(De
faultBuildOperationRunner.java:205)
	at org.gradle.internal.operations.DefaultBuildOper
ationRunner$2.execute(DefaultBuildOperationRunner.j
ava:67)
	at org.gradle.internal.operations.DefaultBuildOper
ationRunner$2.execute(DefaultBuildOperationRunner.j
ava:60)
	at org.gradle.internal.operations.DefaultBuildOper
ationRunner.execute(DefaultBuildOperationRunner.jav
a:167)
	at org.gradle.internal.operations.DefaultBuildOper
ationRunner.execute(DefaultBuildOperationRunner.jav
a:60)
	at org.gradle.internal.operations.DefaultBuildOper
ationRunner.call(DefaultBuildOperationRunner.java:5
4)
	at org.gradle.internal.execution.steps.ExecuteStep
.execute(ExecuteStep.java:56)
	at org.gradle.internal.execution.steps.ExecuteStep
.execute(ExecuteStep.java:44)
	at org.gradle.internal.execution.steps.CancelExecu
tionStep.execute(CancelExecutionStep.java:42)
	at org.gradle.internal.execution.steps.TimeoutStep
.executeWithoutTimeout(TimeoutStep.java:75)
	at org.gradle.internal.execution.steps.TimeoutStep
.execute(TimeoutStep.java:55)
	at org.gradle.internal.execution.steps.PreCreateOu
tputParentsStep.execute(PreCreateOutputParentsStep.
java:50)
	at org.gradle.internal.execution.steps.PreCreateOu
tputParentsStep.execute(PreCreateOutputParentsStep.
java:28)
	at org.gradle.internal.execution.steps.RemovePrevi
ousOutputsStep.execute(RemovePreviousOutputsStep.ja
va:67)
	at org.gradle.internal.execution.steps.RemovePrevi
ousOutputsStep.execute(RemovePreviousOutputsStep.ja
va:37)
	at org.gradle.internal.execution.steps.BroadcastCh
angingOutputsStep.execute(BroadcastChangingOutputsS
tep.java:61)
	at org.gradle.internal.execution.steps.BroadcastCh
angingOutputsStep.execute(BroadcastChangingOutputsS
tep.java:26)
	at org.gradle.internal.execution.steps.CaptureOutp
utsAfterExecutionStep.execute(CaptureOutputsAfterEx
ecutionStep.java:69)
	at org.gradle.internal.execution.steps.CaptureOutp
utsAfterExecutionStep.execute(CaptureOutputsAfterEx
ecutionStep.java:46)
	at org.gradle.internal.execution.steps.ResolveInpu
tChangesStep.execute(ResolveInputChangesStep.java:4
0)
	at org.gradle.internal.execution.steps.ResolveInpu
tChangesStep.execute(ResolveInputChangesStep.java:2
9)
	at org.gradle.internal.execution.steps.BuildCacheS
tep.executeWithoutCache(BuildCacheStep.java:189)
	at org.gradle.internal.execution.steps.BuildCacheS
tep.lambda$execute$1(BuildCacheStep.java:75)
	at org.gradle.internal.Either$Right.fold(Either.ja
va:175)
	at org.gradle.internal.execution.caching.CachingSt
ate.fold(CachingState.java:62)
	at org.gradle.internal.execution.steps.BuildCacheS
tep.execute(BuildCacheStep.java:73)
	at org.gradle.internal.execution.steps.BuildCacheS
tep.execute(BuildCacheStep.java:48)
	at org.gradle.internal.execution.steps.StoreExecut
ionStateStep.execute(StoreExecutionStateStep.java:4
6)
	at org.gradle.internal.execution.steps.StoreExecut
ionStateStep.execute(StoreExecutionStateStep.java:3
5)
	at org.gradle.internal.execution.steps.SkipUpToDat
eStep.executeBecause(SkipUpToDateStep.java:75)
	at org.gradle.internal.execution.steps.SkipUpToDat
eStep.lambda$execute$2(SkipUpToDateStep.java:53)
	at org.gradle.internal.execution.steps.SkipUpToDat
eStep.execute(SkipUpToDateStep.java:53)
	at org.gradle.internal.execution.steps.SkipUpToDat
eStep.execute(SkipUpToDateStep.java:35)
	at org.gradle.internal.execution.steps.legacy.Mark
SnapshottingInputsFinishedStep.execute(MarkSnapshot
tingInputsFinishedStep.java:37)
	at org.gradle.internal.execution.steps.legacy.Mark
SnapshottingInputsFinishedStep.execute(MarkSnapshot
tingInputsFinishedStep.java:27)
	at org.gradle.internal.execution.steps.ResolveIncr
ementalCachingStateStep.executeDelegate(ResolveIncr
ementalCachingStateStep.java:49)
	at org.gradle.internal.execution.steps.ResolveIncr
ementalCachingStateStep.executeDelegate(ResolveIncr
ementalCachingStateStep.java:27)
	at org.gradle.internal.execution.steps.AbstractRes
olveCachingStateStep.execute(AbstractResolveCaching
StateStep.java:71)
	at org.gradle.internal.execution.steps.AbstractRes
olveCachingStateStep.execute(AbstractResolveCaching
StateStep.java:39)
	at org.gradle.internal.execution.steps.ResolveChan
gesStep.execute(ResolveChangesStep.java:65)
	at org.gradle.internal.execution.steps.ResolveChan
gesStep.execute(ResolveChangesStep.java:36)
	at org.gradle.internal.execution.steps.ValidateSte
p.execute(ValidateStep.java:107)
	at org.gradle.internal.execution.steps.ValidateSte
p.execute(ValidateStep.java:56)
	at org.gradle.internal.execution.steps.AbstractCap
tureStateBeforeExecutionStep.execute(AbstractCaptur
eStateBeforeExecutionStep.java:64)
	at org.gradle.internal.execution.steps.AbstractCap
tureStateBeforeExecutionStep.execute(AbstractCaptur
eStateBeforeExecutionStep.java:43)
	at org.gradle.internal.execution.steps.AbstractSki
pEmptyWorkStep.executeWithNonEmptySources(AbstractS
kipEmptyWorkStep.java:125)
	at org.gradle.internal.execution.steps.AbstractSki
pEmptyWorkStep.execute(AbstractSkipEmptyWorkStep.ja
va:61)
	at org.gradle.internal.execution.steps.AbstractSki
pEmptyWorkStep.execute(AbstractSkipEmptyWorkStep.ja
va:36)
	at org.gradle.internal.execution.steps.legacy.Mark
SnapshottingInputsStartedStep.execute(MarkSnapshott
ingInputsStartedStep.java:38)
	at org.gradle.internal.execution.steps.LoadPreviou
sExecutionStateStep.execute(LoadPreviousExecutionSt
ateStep.java:36)
	at org.gradle.internal.execution.steps.LoadPreviou
sExecutionStateStep.execute(LoadPreviousExecutionSt
ateStep.java:23)
	at org.gradle.internal.execution.steps.HandleStale
OutputsStep.execute(HandleStaleOutputsStep.java:75)
	at org.gradle.internal.execution.steps.HandleStale
OutputsStep.execute(HandleStaleOutputsStep.java:41)
	at org.gradle.internal.execution.steps.AssignMutab
leWorkspaceStep.lambda$execute$0(AssignMutableWorks
paceStep.java:35)
	at org.gradle.api.internal.tasks.execution.TaskExe
cution$4.withWorkspace(TaskExecution.java:289)
	at org.gradle.internal.execution.steps.AssignMutab
leWorkspaceStep.execute(AssignMutableWorkspaceStep.
java:31)
	at org.gradle.internal.execution.steps.AssignMutab
leWorkspaceStep.execute(AssignMutableWorkspaceStep.
java:22)
	at org.gradle.internal.execution.steps.ChoosePipel
ineStep.execute(ChoosePipelineStep.java:40)
	at org.gradle.internal.execution.steps.ChoosePipel
ineStep.execute(ChoosePipelineStep.java:23)
	at org.gradle.internal.execution.steps.ExecuteWork
BuildOperationFiringStep.lambda$execute$2(ExecuteWo
rkBuildOperationFiringStep.java:67)
	at org.gradle.internal.execution.steps.ExecuteWork
BuildOperationFiringStep.execute(ExecuteWorkBuildOp
erationFiringStep.java:67)
	at org.gradle.internal.execution.steps.ExecuteWork
BuildOperationFiringStep.execute(ExecuteWorkBuildOp
erationFiringStep.java:39)
	at org.gradle.internal.execution.steps.IdentityCac
heStep.execute(IdentityCacheStep.java:46)
	at org.gradle.internal.execution.steps.IdentityCac
heStep.execute(IdentityCacheStep.java:34)
	at org.gradle.internal.execution.steps.IdentifySte
p.execute(IdentifyStep.java:48)
	at org.gradle.internal.execution.steps.IdentifySte
p.execute(IdentifyStep.java:35)
	at org.gradle.internal.execution.impl.DefaultExecu
tionEngine$1.execute(DefaultExecutionEngine.java:64
)
12 actionable tasks: 1 executed, 11 up-to-date
	at org.gradle.api.internal.tasks.execution.Execute
ActionsTaskExecuter.executeIfValid(ExecuteActionsTa
skExecuter.java:127)
	at org.gradle.api.internal.tasks.execution.Execute
ActionsTaskExecuter.execute(ExecuteActionsTaskExecu
ter.java:116)
	at org.gradle.api.internal.tasks.execution.Problem
sTaskPathTrackingTaskExecuter.execute(ProblemsTaskP
athTrackingTaskExecuter.java:41)
	at org.gradle.api.internal.tasks.execution.Finaliz
ePropertiesTaskExecuter.execute(FinalizePropertiesT
askExecuter.java:46)
	at org.gradle.api.internal.tasks.execution.Resolve
TaskExecutionModeExecuter.execute(ResolveTaskExecut
ionModeExecuter.java:51)
	at org.gradle.api.internal.tasks.execution.SkipTas
kWithNoActionsExecuter.execute(SkipTaskWithNoAction
sExecuter.java:57)
	at org.gradle.api.internal.tasks.execution.SkipOnl
yIfTaskExecuter.execute(SkipOnlyIfTaskExecuter.java
:74)
	at org.gradle.api.internal.tasks.execution.CatchEx
ceptionTaskExecuter.execute(CatchExceptionTaskExecu
ter.java:36)
	at org.gradle.api.internal.tasks.execution.EventFi
ringTaskExecuter$1.executeTask(EventFiringTaskExecu
ter.java:77)
	at org.gradle.api.internal.tasks.execution.EventFi
ringTaskExecuter$1.call(EventFiringTaskExecuter.jav
a:55)
	at org.gradle.api.internal.tasks.execution.EventFi
ringTaskExecuter$1.call(EventFiringTaskExecuter.jav
a:52)
	at org.gradle.internal.operations.DefaultBuildOper
ationRunner$CallableBuildOperationWorker.execute(De
faultBuildOperationRunner.java:210)
	at org.gradle.internal.operations.DefaultBuildOper
ationRunner$CallableBuildOperationWorker.execute(De
faultBuildOperationRunner.java:205)
	at org.gradle.internal.operations.DefaultBuildOper
ationRunner$2.execute(DefaultBuildOperationRunner.j
ava:67)
	at org.gradle.internal.operations.DefaultBuildOper
ationRunner$2.execute(DefaultBuildOperationRunner.j
ava:60)
	at org.gradle.internal.operations.DefaultBuildOper
ationRunner.execute(DefaultBuildOperationRunner.jav
a:167)
	at org.gradle.internal.operations.DefaultBuildOper
ationRunner.execute(DefaultBuildOperationRunner.jav
a:60)
	at org.gradle.internal.operations.DefaultBuildOper
ationRunner.call(DefaultBuildOperationRunner.java:5
4)
	at org.gradle.api.internal.tasks.execution.EventFi
ringTaskExecuter.execute(EventFiringTaskExecuter.ja
va:52)
	at org.gradle.execution.plan.LocalTaskNodeExecutor
.execute(LocalTaskNodeExecutor.java:42)
	at org.gradle.execution.taskgraph.DefaultTaskExecu
tionGraph$InvokeNodeExecutorsAction.execute(Default
TaskExecutionGraph.java:331)
	at org.gradle.execution.taskgraph.DefaultTaskExecu
tionGraph$InvokeNodeExecutorsAction.execute(Default
TaskExecutionGraph.java:318)
	at org.gradle.execution.taskgraph.DefaultTaskExecu
tionGraph$BuildOperationAwareExecutionAction.lambda
$execute$0(DefaultTaskExecutionGraph.java:314)
	at org.gradle.internal.operations.CurrentBuildOper
ationRef.with(CurrentBuildOperationRef.java:85)
	at org.gradle.execution.taskgraph.DefaultTaskExecu
tionGraph$BuildOperationAwareExecutionAction.execut
e(DefaultTaskExecutionGraph.java:314)
	at org.gradle.execution.taskgraph.DefaultTaskExecu
tionGraph$BuildOperationAwareExecutionAction.execut
e(DefaultTaskExecutionGraph.java:303)
	at org.gradle.execution.plan.DefaultPlanExecutor$E
xecutorWorker.execute(DefaultPlanExecutor.java:459)
	at org.gradle.execution.plan.DefaultPlanExecutor$E
xecutorWorker.run(DefaultPlanExecutor.java:376)
	at org.gradle.internal.concurrent.ExecutorPolicy$C
atchAndRecordFailures.onExecute(ExecutorPolicy.java
:64)
	at org.gradle.internal.concurrent.AbstractManagedE
xecutor$1.run(AbstractManagedExecutor.java:48)


BUILD FAILED in 3s
