Initialized native services in: C:\Users\user\.gradle\native
Initialized jansi services in: C:\Users\user\.gradle\native
The client will now receive all logging from the daemon (pid: 8424). The daemon log file: C:\Users\user\.gradle\daemon\8.14.3\daemon-8424.out.log
Starting 12th build in daemon [uptime: 6 mins 7.547 secs, performance: 100%, GC rate: 0.00/s, heap usage: 1% of 512 MiB, non-heap usage: 29% of 384 MiB]
Using 16 worker leases.
Now considering [E:\Antigravity Projects\fleet-management] as hierarchies to watch
Watching the file system is configured to be enabled if available
File system watching is active
Starting Build
Settings evaluated using settings file 'E:\Antigravity Projects\fleet-management\settings.gradle.kts'.
Projects loaded. Root project using build file 'E:\Antigravity Projects\fleet-management\build.gradle.kts'.
Included projects: [root project 'ktor-sample']

> Configure project :
Evaluating root project 'ktor-sample' using build file 'E:\Antigravity Projects\fleet-management\build.gradle.kts'.
Resolved plugin [id: 'org.jetbrains.kotlin.jvm', version: '2.1.0']
Resolved plugin [id: 'io.ktor.plugin', version: '3.0.3']
Resolved plugin [id: 'org.jetbrains.kotlin.plugin.serialization', version: '2.1.0']
Using Kotlin Gradle Plugin gradle85 variant
kotlin scripting plugin: created the scripting discovery configuration: kotlinScriptDef
kotlin scripting plugin: created the scripting discovery configuration: testKotlinScriptDef
All projects evaluated.
Task name matched 'test'
Selected primary task 'test' from project :
Tasks to be executed: [task ':checkKotlinGradlePluginConfigurationErrors', task ':compileKotlin', task ':compileJava', task ':processResources', task ':classes', task ':jar', task ':compileTestKotlin', task ':compileTestJava', task ':processTestResources', task ':testClasses', task ':test']
Tasks that were excluded: []
Resolve mutations for :checkKotlinGradlePluginConfigurationErrors (Thread[#1604,Execution worker,5,main]) started.
:checkKotlinGradlePluginConfigurationErrors (Thread[#1609,Execution worker Thread 6,5,main]) started.

> Task :checkKotlinGradlePluginConfigurationErrors SKIPPED
Skipping task ':checkKotlinGradlePluginConfigurationErrors' as task onlyIf 'errorDiagnostics are present' is false.
Resolve mutations for :compileKotlin (Thread[#1609,Execution worker Thread 6,5,main]) started.
:compileKotlin (Thread[#1609,Execution worker Thread 6,5,main]) started.

> Task :compileKotlin UP-TO-DATE
Caching disabled for task ':compileKotlin' because:
  Build cache is disabled
Skipping task ':compileKotlin' as it is up-to-date.
Resolve mutations for :compileJava (Thread[#1609,Execution worker Thread 6,5,main]) started.
:compileJava (Thread[#1609,Execution worker Thread 6,5,main]) started.

> Task :compileJava NO-SOURCE
Skipping task ':compileJava' as it has no source files and no previous output files.
Resolve mutations for :processResources (Thread[#1609,Execution worker Thread 6,5,main]) started.
:processResources (Thread[#1609,Execution worker Thread 6,5,main]) started.

> Task :processResources UP-TO-DATE
Caching disabled for task ':processResources' because:
  Build cache is disabled
  Not worth caching
Skipping task ':processResources' as it is up-to-date.
Resolve mutations for :classes (Thread[#1609,Execution worker Thread 6,5,main]) started.
:classes (Thread[#1609,Execution worker Thread 6,5,main]) started.

> Task :classes UP-TO-DATE
Skipping task ':classes' as it has no actions.
Resolve mutations for :jar (Thread[#1609,Execution worker Thread 6,5,main]) started.
:jar (Thread[#1609,Execution worker Thread 6,5,main]) started.

> Task :jar UP-TO-DATE
Caching disabled for task ':jar' because:
  Build cache is disabled
  Not worth caching
Skipping task ':jar' as it is up-to-date.
Resolve mutations for :compileTestKotlin (Thread[#1609,Execution worker Thread 6,5,main]) started.
:compileTestKotlin (Thread[#1609,Execution worker Thread 6,5,main]) started.

> Task :compileTestKotlin UP-TO-DATE
Caching disabled for task ':compileTestKotlin' because:
  Build cache is disabled
Skipping task ':compileTestKotlin' as it is up-to-date.
Resolve mutations for :compileTestJava (Thread[#1609,Execution worker Thread 6,5,main]) started.
:compileTestJava (Thread[#1609,Execution worker Thread 6,5,main]) started.

> Task :compileTestJava NO-SOURCE
Skipping task ':compileTestJava' as it has no source files and no previous output files.
Resolve mutations for :processTestResources (Thread[#1609,Execution worker Thread 6,5,main]) started.
:processTestResources (Thread[#1609,Execution worker Thread 6,5,main]) started.

> Task :processTestResources NO-SOURCE
Skipping task ':processTestResources' as it has no source files and no previous output files.
Resolve mutations for :testClasses (Thread[#1609,Execution worker Thread 6,5,main]) started.
:testClasses (Thread[#1604,Execution worker,5,main]) started.

> Task :testClasses UP-TO-DATE
Skipping task ':testClasses' as it has no actions.
Resolve mutations for :test (Thread[#1604,Execution worker,5,main]) started.
:test (Thread[#1604,Execution worker,5,main]) started.
Gradle Test Executor 11 started executing tests.
2026-02-02 17:50:21.458 [DefaultDispatcher-worker-1 @request#3] INFO  io.ktor.test - 200 OK: GET - / in 115ms
Gradle Test Executor 11 finished executing tests.
2026-02-02 17:50:21.504 [KtorShutdownHook] INFO  io.ktor.test - Application stopping: io.ktor.server.application.Application@73c704c4
2026-02-02 17:50:21.504 [KtorShutdownHook] INFO  io.ktor.test - Application stopped: io.ktor.server.application.Application@73c704c4

> Task :test
Caching disabled for task ':test' because:
  Build cache is disabled
Task ':test' is not up-to-date because:
  Task has failed previously.
file or directory 'E:\Antigravity Projects\fleet-management\build\classes\java\test', not found
Starting process 'Gradle Test Executor 11'. Working directory: E:\Antigravity Projects\fleet-management Command: C:\Users\user\AppData\Local\Programs\Android Studio\jbr\bin\java.exe -Dorg.gradle.internal.worker.tmpdir=E:\Antigravity Projects\fleet-management\build\tmp\test\work @C:\Users\user\.gradle\.tmp\gradle-worker-classpath8218606278596609676txt -Xmx512m -Dfile.encoding=UTF-8 -Duser.country=PH -Duser.language=en -Duser.variant -ea worker.org.gradle.process.internal.worker.GradleWorkerMain 'Gradle Test Executor 11'
Successfully started process 'Gradle Test Executor 11'

ApplicationTest > testRootEndpoint STANDARD_OUT
    2026-02-02 17:50:20.597 [DefaultDispatcher-worker-1 @call-context#3] INFO  io.ktor.test - No ktor.deployment.watch patterns specified, automatic reload is not active.
    2026-02-02 17:50:20.637 [DefaultDispatcher-worker-1 @call-context#3] INFO  i.m.c.i.push.PushMeterRegistry - publishing metrics for LoggingMeterRegistry every 1m
    2026-02-02 17:50:20.691 [DefaultDispatcher-worker-1 @call-context#3] INFO  io.ktor.test - Connecting to Database at: jdbc:postgresql://127.0.0.1:5435/fleet_test
    2026-02-02 17:50:20.691 [DefaultDispatcher-worker-1 @call-context#3] INFO  io.ktor.test - Using Username: fleet_user
    2026-02-02 17:50:20.692 [DefaultDispatcher-worker-1 @call-context#3] INFO  io.ktor.test - Using Password: se***23
    2026-02-02 17:50:20.711 [DefaultDispatcher-worker-1 @call-context#3] INFO  com.zaxxer.hikari.HikariDataSource - HikariPool-1 - Starting...
    2026-02-02 17:50:20.874 [DefaultDispatcher-worker-1 @call-context#3] INFO  com.zaxxer.hikari.pool.HikariPool - HikariPool-1 - Added connection org.postgresql.jdbc.PgConnection@21370a82
    2026-02-02 17:50:20.875 [DefaultDispatcher-worker-1 @call-context#3] INFO  com.zaxxer.hikari.HikariDataSource - HikariPool-1 - Start completed.
    2026-02-02 17:50:21.183 [DefaultDispatcher-worker-1 @call-context#3] INFO  org.flywaydb.core.FlywayExecutor - Database: jdbc:postgresql://127.0.0.1:5435/fleet_test (PostgreSQL 15.15)
    2026-02-02 17:50:21.227 [DefaultDispatcher-worker-1 @call-context#3] INFO  o.f.c.i.s.JdbcTableSchemaHistory - Repair of failed migration in Schema History table "public"."flyway_schema_history" not necessary. No failed migration detected.
    2026-02-02 17:50:21.244 [DefaultDispatcher-worker-1 @call-context#3] INFO  o.f.core.internal.command.DbRepair - Successfully repaired schema history table "public"."flyway_schema_history" (execution time 00:00.036s).
    2026-02-02 17:50:21.285 [DefaultDispatcher-worker-1 @call-context#3] INFO  o.f.core.internal.command.DbValidate - Successfully validated 6 migrations (execution time 00:00.010s)
    2026-02-02 17:50:21.300 [DefaultDispatcher-worker-1 @call-context#3] INFO  o.f.core.internal.command.DbMigrate - Current version of schema "public": 006
    2026-02-02 17:50:21.302 [DefaultDispatcher-worker-1 @call-context#3] INFO  o.f.core.internal.command.DbMigrate - Schema "public" is up to date. No migration necessary.
    2026-02-02 17:50:21.317 [DefaultDispatcher-worker-1 @call-context#3] INFO  io.ktor.test - Connecting to Database at: jdbc:postgresql://127.0.0.1:5435/fleet_test
    2026-02-02 17:50:21.318 [DefaultDispatcher-worker-1 @call-context#3] INFO  io.ktor.test - Database connected and migrated successfully.
    2026-02-02 17:50:21.332 [DefaultDispatcher-worker-1 @call-context#3] INFO  io.ktor.test - Application started in 0.744 seconds.
    2026-02-02 17:50:21.332 [DefaultDispatcher-worker-1 @call-context#3] INFO  io.ktor.test - Application started: io.ktor.server.application.Application@73c704c4
    2026-02-02 17:50:21.333 [DefaultDispatcher-worker-2 @coroutine#4] INFO  io.ktor.test - Responding at http://localhost:80
    2026-02-02 17:50:21.333 [DefaultDispatcher-worker-2 @coroutine#4] INFO  io.ktor.test - Responding at https://localhost:443

ApplicationTest > testRootEndpoint FAILED
    java.lang.AssertionError: Expected value to be true.
        at org.junit.Assert.fail(Assert.java:89)
        at kotlin.test.junit.JUnitAsserter.fail(JUnitSupport.kt:56)
        at kotlin.test.Asserter$DefaultImpls.assertTrue(Assertions.kt:694)
        at kotlin.test.junit.JUnitAsserter.assertTrue(JUnitSupport.kt:30)
        at kotlin.test.Asserter$DefaultImpls.assertTrue(Assertions.kt:704)
        at kotlin.test.junit.JUnitAsserter.assertTrue(JUnitSupport.kt:30)
        at kotlin.test.AssertionsKt__AssertionsKt.assertTrue(Assertions.kt:44)
        at kotlin.test.AssertionsKt.assertTrue(Unknown Source)
        at kotlin.test.AssertionsKt__AssertionsKt.assertTrue$default(Assertions.kt:42)
        at kotlin.test.AssertionsKt.assertTrue$default(Unknown Source)
        at com.solodev.fleet.ApplicationTest$testRootEndpoint$1.invokeSuspend(ApplicationTest.kt:47)
        at _COROUTINE._BOUNDARY._(CoroutineDebugging.kt:42)
        at io.ktor.server.testing.TestApplicationKt.runTestApplication(TestApplication.kt:412)
        at io.ktor.server.testing.TestApplicationKt$testApplication$1.invokeSuspend(TestApplication.kt:395)
        at io.ktor.test.dispatcher.TestCommonKt$runTestWithRealTime$1.invokeSuspend(TestCommon.kt:38)
        at kotlinx.coroutines.test.TestBuildersKt__TestBuildersKt$runTest$2$1$1.invokeSuspend(TestBuilders.kt:318)

        Caused by:
        java.lang.AssertionError: Expected value to be true.
            at org.junit.Assert.fail(Assert.java:89)
            at kotlin.test.junit.JUnitAsserter.fail(JUnitSupport.kt:56)
            at kotlin.test.Asserter$DefaultImpls.assertTrue(Assertions.kt:694)
            at kotlin.test.junit.JUnitAsserter.assertTrue(JUnitSupport.kt:30)
            at kotlin.test.Asserter$DefaultImpls.assertTrue(Assertions.kt:704)
            at kotlin.test.junit.JUnitAsserter.assertTrue(JUnitSupport.kt:30)
            at kotlin.test.AssertionsKt__AssertionsKt.assertTrue(Assertions.kt:44)
            at kotlin.test.AssertionsKt.assertTrue(Unknown Source)
            at kotlin.test.AssertionsKt__AssertionsKt.assertTrue$default(Assertions.kt:42)
            at kotlin.test.AssertionsKt.assertTrue$default(Unknown Source)
            at com.solodev.fleet.ApplicationTest$testRootEndpoint$1.invokeSuspend(ApplicationTest.kt:47)
            at kotlin.coroutines.jvm.internal.BaseContinuationImpl.resumeWith(ContinuationImpl.kt:33)
            at kotlinx.coroutines.DispatchedTask.run(DispatchedTask.kt:101)
            at kotlinx.coroutines.internal.LimitedDispatcher$Worker.run(LimitedDispatcher.kt:113)
            at kotlinx.coroutines.scheduling.TaskImpl.run(Tasks.kt:89)
            at kotlinx.coroutines.scheduling.CoroutineScheduler.runSafely(CoroutineScheduler.kt:589)
            at kotlinx.coroutines.scheduling.CoroutineScheduler$Worker.executeTask(CoroutineScheduler.kt:832)
            at kotlinx.coroutines.scheduling.CoroutineScheduler$Worker.runWorker(CoroutineScheduler.kt:720)
            at kotlinx.coroutines.scheduling.CoroutineScheduler$Worker.run(CoroutineScheduler.kt:707)
./gradlew : 
At line:1 char:1
+ ./gradlew test --tests 
com.solodev.fleet.ApplicationTest.testRootEndp ...
+ ~~~~~~~~~~~~~~~~~~~~~~~~~~~~~~~~~~~~~~~~~~~~~~~~~
~~~~~~~~~~~~~~~~~~~~
    + CategoryInfo          : NotSpecified: (:Stri 
   ng) [], RemoteException
    + FullyQualifiedErrorId : NativeCommandError
 
1 test completed, 1 failed
Finished generating test XML results (0.001 secs) into: E:\Antigravity Projects\fleet-management\build\test-results\test
Generating HTML test report...
Finished generating test html results (0.002 secs) into: E:\Antigravity Projects\fleet-management\build\reports\tests\test

> Task :test FAILED

FAILURE: Build failed with an exception.

* What went wrong:
Execution failed for task ':test'.
> There were failing tests. See the report at: file
:///E:/Antigravity%20Projects/fleet-management/buil
d/reports/tests/test/index.html

* Try:
> Run with --scan to get full insights.

BUILD FAILED in 3s
5 actionable tasks: 1 executed, 4 up-to-date
Watched directory hierarchies: [E:\Antigravity Projects\fleet-management]
